C:\USERS\JóZEF\DOCUMENTS\INTERFEJSY MULTIMODALNE\BODY\BODY\BODY\X64\DEBUG\BODY.EXE.EMBED.MANIFEST
C:\USERS\JóZEF\DOCUMENTS\INTERFEJSY MULTIMODALNE\BODY\BODY\BODY\X64\DEBUG\BODY.EXE.EMBED.MANIFEST.RES
C:\USERS\JóZEF\DOCUMENTS\INTERFEJSY MULTIMODALNE\BODY\BODY\BODY\X64\DEBUG\BODY.EXE.INTERMEDIATE.MANIFEST
C:\USERS\JóZEF\DOCUMENTS\INTERFEJSY MULTIMODALNE\BODY\BODY\BODY\X64\DEBUG\BODY.OBJ
C:\USERS\JóZEF\DOCUMENTS\INTERFEJSY MULTIMODALNE\BODY\BODY\BODY\X64\DEBUG\BODY.PCH
C:\Users\Józef\Documents\interfejsy multimodalne\body\body\body\x64\Debug\body_manifest.rc
C:\Users\Józef\Documents\interfejsy multimodalne\body\body\body\x64\Debug\cl.command.1.tlog
C:\Users\Józef\Documents\interfejsy multimodalne\body\body\body\x64\Debug\CL.read.1.tlog
C:\Users\Józef\Documents\interfejsy multimodalne\body\body\body\x64\Debug\CL.write.1.tlog
C:\Users\Józef\Documents\interfejsy multimodalne\body\body\body\x64\Debug\link.4696.read.1.tlog
C:\Users\Józef\Documents\interfejsy multimodalne\body\body\body\x64\Debug\link.4696.write.1.tlog
C:\Users\Józef\Documents\interfejsy multimodalne\body\body\body\x64\Debug\link.4696-cvtres.read.1.tlog
C:\Users\Józef\Documents\interfejsy multimodalne\body\body\body\x64\Debug\link.4696-cvtres.write.1.tlog
C:\Users\Józef\Documents\interfejsy multimodalne\body\body\body\x64\Debug\link.command.1.tlog
C:\Users\Józef\Documents\interfejsy multimodalne\body\body\body\x64\Debug\link.read.1.tlog
C:\Users\Józef\Documents\interfejsy multimodalne\body\body\body\x64\Debug\link.write.1.tlog
C:\Users\Józef\Documents\interfejsy multimodalne\body\body\body\x64\Debug\link-cvtres.read.1.tlog
C:\Users\Józef\Documents\interfejsy multimodalne\body\body\body\x64\Debug\link-cvtres.write.1.tlog
C:\Users\Józef\Documents\interfejsy multimodalne\body\body\body\x64\Debug\mt.command.1.tlog
C:\Users\Józef\Documents\interfejsy multimodalne\body\body\body\x64\Debug\mt.read.1.tlog
C:\Users\Józef\Documents\interfejsy multimodalne\body\body\body\x64\Debug\mt.write.1.tlog
C:\Users\Józef\Documents\interfejsy multimodalne\body\body\body\x64\Debug\rc.command.1.tlog
C:\Users\Józef\Documents\interfejsy multimodalne\body\body\body\x64\Debug\rc.read.1.tlog
C:\Users\Józef\Documents\interfejsy multimodalne\body\body\body\x64\Debug\rc.write.1.tlog
C:\USERS\JóZEF\DOCUMENTS\INTERFEJSY MULTIMODALNE\BODY\BODY\BODY\X64\DEBUG\STDAFX.OBJ
C:\Users\Józef\Documents\interfejsy multimodalne\body\body\body\x64\Debug\vc100.idb
C:\USERS\JÓZEF\DOCUMENTS\INTERFEJSY MULTIMODALNE\BODY\BODY\BODY\X64\DEBUG\VC100.PDB
C:\USERS\JóZEF\DOCUMENTS\INTERFEJSY MULTIMODALNE\BODY\BODY\X64\DEBUG\BODY.EXE
C:\USERS\JóZEF\DOCUMENTS\INTERFEJSY MULTIMODALNE\BODY\BODY\X64\DEBUG\BODY.ILK
C:\USERS\JÓZEF\DOCUMENTS\INTERFEJSY MULTIMODALNE\BODY\BODY\X64\DEBUG\BODY.PDB
