Build started 2012-05-09 23:41:45.
     1>Project "C:\Users\Józef\Documents\interfejsy multimodalne\repozytorium\body\body.vcxproj" on node 2 (build target(s)).
     1>InitializeBuildStatus:
         Touching "x64\Debug\body.unsuccessfulbuild".
       ClCompile:
         All outputs are up-to-date.
         c:\Program Files (x86)\Microsoft Visual Studio 10.0\VC\bin\x86_amd64\CL.exe /c /I"C:\Users\Józef\Documents\interfejsy multimodalne\repozytorium\\dependencies\include" /I"C:\Users\Józef\Documents\interfejsy multimodalne\repozytorium\\dependencies\include\opencv2" /Zi /nologo /W3 /WX- /Od /D WIN32 /D _DEBUG /D _CONSOLE /D _UNICODE /D UNICODE /Gm /EHsc /RTC1 /MDd /GS /fp:precise /Zc:wchar_t /Zc:forScope /Yc"StdAfx.h" /Fp"x64\Debug\body.pch" /Fo"x64\Debug\\" /Fd"x64\Debug\vc100.pdb" /Gd /TP /errorReport:prompt stdafx.cpp
         stdafx.cpp
         c:\Program Files (x86)\Microsoft Visual Studio 10.0\VC\bin\x86_amd64\CL.exe /c /I"C:\Users\Józef\Documents\interfejsy multimodalne\repozytorium\\dependencies\include" /I"C:\Users\Józef\Documents\interfejsy multimodalne\repozytorium\\dependencies\include\opencv2" /Zi /nologo /W3 /WX- /Od /D WIN32 /D _DEBUG /D _CONSOLE /D _UNICODE /D UNICODE /Gm /EHsc /RTC1 /MDd /GS /fp:precise /Zc:wchar_t /Zc:forScope /Yu"StdAfx.h" /Fp"x64\Debug\body.pch" /Fo"x64\Debug\\" /Fd"x64\Debug\vc100.pdb" /Gd /TP /errorReport:prompt body.cpp
         body.cpp
     1>body.cpp(189): warning C4996: 'sprintf': This function or variable may be unsafe. Consider using sprintf_s instead. To disable deprecation, use _CRT_SECURE_NO_WARNINGS. See online help for details.
                 c:\Program Files (x86)\Microsoft Visual Studio 10.0\VC\include\stdio.h(371) : see declaration of 'sprintf'
       ManifestResourceCompile:
         All outputs are up-to-date.
       Link:
         c:\Program Files (x86)\Microsoft Visual Studio 10.0\VC\bin\x86_amd64\link.exe /ERRORREPORT:PROMPT /OUT:"C:\Users\Józef\Documents\interfejsy multimodalne\repozytorium\x64\Debug\body.exe" /INCREMENTAL /NOLOGO /LIBPATH:dependencies\lib /LIBPATH:dependencies\lib\x64 kernel32.lib user32.lib gdi32.lib winspool.lib comdlg32.lib advapi32.lib shell32.lib ole32.lib oleaut32.lib uuid.lib odbc32.lib odbccp32.lib "C:\Users\Józef\Documents\interfejsy multimodalne\repozytorium\\dependencies\lib\x64\opencv_core231d.lib" "C:\Users\Józef\Documents\interfejsy multimodalne\repozytorium\\dependencies\lib\x64\opencv_highgui231d.lib" "C:\Users\Józef\Documents\interfejsy multimodalne\repozytorium\\dependencies\lib\x64\opencv_video231d.lib" "C:\Users\Józef\Documents\interfejsy multimodalne\repozytorium\\dependencies\lib\x64\opencv_ml231d.lib" "C:\Users\Józef\Documents\interfejsy multimodalne\repozytorium\\dependencies\lib\x64\opencv_legacy231d.lib" "C:\Users\Józef\Documents\interfejsy multimodalne\repozytorium\\dependencies\lib\x64\opencv_imgproc231d.lib" kernel32.lib user32.lib gdi32.lib winspool.lib comdlg32.lib advapi32.lib shell32.lib ole32.lib oleaut32.lib uuid.lib odbc32.lib odbccp32.lib /MANIFEST /ManifestFile:"x64\Debug\body.exe.intermediate.manifest" /MANIFESTUAC:"level='asInvoker' uiAccess='false'" /DEBUG /PDB:"C:\Users\Józef\Documents\interfejsy multimodalne\repozytorium\x64\Debug\body.pdb" /SUBSYSTEM:CONSOLE /TLBID:1 /DYNAMICBASE /NXCOMPAT /IMPLIB:"C:\Users\Józef\Documents\interfejsy multimodalne\repozytorium\x64\Debug\body.lib" /MACHINE:X64 x64\Debug\body.exe.embed.manifest.res
         x64\Debug\body.obj
         x64\Debug\stdafx.obj
         body.vcxproj -> C:\Users\Józef\Documents\interfejsy multimodalne\repozytorium\x64\Debug\body.exe
       Manifest:
         C:\Program Files (x86)\Microsoft SDKs\Windows\v7.0A\bin\mt.exe /nologo /verbose /out:"x64\Debug\body.exe.embed.manifest" /manifest x64\Debug\body.exe.intermediate.manifest
         All outputs are up-to-date.
       LinkEmbedManifest:
         All outputs are up-to-date.
         body.vcxproj -> C:\Users\Józef\Documents\interfejsy multimodalne\repozytorium\x64\Debug\body.exe
       FinalizeBuildStatus:
         Deleting file "x64\Debug\body.unsuccessfulbuild".
         Touching "x64\Debug\body.lastbuildstate".
     1>Done Building Project "C:\Users\Józef\Documents\interfejsy multimodalne\repozytorium\body\body.vcxproj" (build target(s)).

Build succeeded.

Time Elapsed 00:00:04.04
